<?xml version="1.0" encoding="UTF-8"?>
<!-- Generated by org.testng.reporters.JUnitReportReporter -->
<testsuite skipped="0" hostname="FINLHYDAI452039" name="com.JavaSelenium.JPMCSearch.tests.GoogleSearchTest" tests="1" failures="0" timestamp="22 Aug 2021 20:07:59 GMT" time="11.126" errors="0">
  <testcase name="searchTest" time="11.126" classname="com.JavaSelenium.JPMCSearch.tests.GoogleSearchTest"/>
</testsuite> <!-- com.JavaSelenium.JPMCSearch.tests.GoogleSearchTest -->
